[debug] [2023-05-07T09:01:03.616Z] ----------------------------------------------------------------------
[debug] [2023-05-07T09:01:03.623Z] Command:       C:\Program Files\nodejs\node.exe C:\Users\lenovo\AppData\Roaming\npm\node_modules\firebase-tools\lib\bin\firebase.js init
[debug] [2023-05-07T09:01:03.624Z] CLI Version:   11.30.0
[debug] [2023-05-07T09:01:03.625Z] Platform:      win32
[debug] [2023-05-07T09:01:03.625Z] Node Version:  v20.1.0
[debug] [2023-05-07T09:01:03.625Z] Time:          Sun May 07 2023 10:01:03 GMT+0100 (West Africa Standard Time)
[debug] [2023-05-07T09:01:03.626Z] ----------------------------------------------------------------------
[debug] 
[debug] [2023-05-07T09:01:03.641Z] > command requires scopes: ["email","openid","https://www.googleapis.com/auth/cloudplatformprojects.readonly","https://www.googleapis.com/auth/firebase","https://www.googleapis.com/auth/cloud-platform"]
[debug] [2023-05-07T09:01:03.642Z] > authorizing via signed-in user (sarumiatinuke2020@gmail.com)
[info] 
     ######## #### ########  ######## ########     ###     ######  ########
     ##        ##  ##     ## ##       ##     ##  ##   ##  ##       ##
     ######    ##  ########  ######   ########  #########  ######  ######
     ##        ##  ##    ##  ##       ##     ## ##     ##       ## ##
     ##       #### ##     ## ######## ########  ##     ##  ######  ########

You're about to initialize a Firebase project in this directory:

  C:\Users\lenovo\Desktop\BlogPageProject

[info] 
=== Project Setup
[info] 
[info] First, let's associate this project directory with a Firebase project.
[info] You can create multiple project aliases by running firebase use --add, 
[info] but for now we'll just set up a default project.
[info] 
[info] i  If you want to create a project in a Google Cloud organization or folder, please use "firebase projects:create" instead, and return to this command when you've created the project. 
[debug] [2023-05-07T09:03:55.266Z] >>> [apiv2][query] POST https://cloudresourcemanager.googleapis.com/v1/projects [none]
[debug] [2023-05-07T09:03:55.267Z] >>> [apiv2][body] POST https://cloudresourcemanager.googleapis.com/v1/projects {"projectId":"Muslimah-blogtailwind","name":"Muslimahblogs"}
[debug] [2023-05-07T09:03:56.530Z] <<< [apiv2][status] POST https://cloudresourcemanager.googleapis.com/v1/projects 400
[debug] [2023-05-07T09:03:56.531Z] <<< [apiv2][body] POST https://cloudresourcemanager.googleapis.com/v1/projects {"error":{"code":400,"message":"field [project_id] has issue [project_id contains invalid characters]","status":"INVALID_ARGUMENT","details":[{"@type":"type.googleapis.com/google.rpc.BadRequest","fieldViolations":[{"field":"project_id","description":"project_id contains invalid characters"}]},{"@type":"type.googleapis.com/google.rpc.Help","links":[{"url":"https://cloud.google.com/resource-manager/reference/rest/v1/projects"}]}]}}
[debug] [2023-05-07T09:03:56.925Z] FirebaseError: HTTP Error: 400, field [project_id] has issue [project_id contains invalid characters]
    at responseToError (C:\Users\lenovo\AppData\Roaming\npm\node_modules\firebase-tools\lib\responseToError.js:49:12)
    at RetryOperation._fn (C:\Users\lenovo\AppData\Roaming\npm\node_modules\firebase-tools\lib\apiv2.js:288:77)
    at process.processTicksAndRejections (node:internal/process/task_queues:95:5)
[error] 
[error] Error: Failed to create project. See firebase-debug.log for more info.
[debug] [2023-05-07T09:04:46.271Z] ----------------------------------------------------------------------
[debug] [2023-05-07T09:04:46.276Z] Command:       C:\Program Files\nodejs\node.exe C:\Users\lenovo\AppData\Roaming\npm\node_modules\firebase-tools\lib\bin\firebase.js init
[debug] [2023-05-07T09:04:46.277Z] CLI Version:   11.30.0
[debug] [2023-05-07T09:04:46.277Z] Platform:      win32
[debug] [2023-05-07T09:04:46.277Z] Node Version:  v20.1.0
[debug] [2023-05-07T09:04:46.278Z] Time:          Sun May 07 2023 10:04:46 GMT+0100 (West Africa Standard Time)
[debug] [2023-05-07T09:04:46.278Z] ----------------------------------------------------------------------
[debug] 
[debug] [2023-05-07T09:04:46.289Z] > command requires scopes: ["email","openid","https://www.googleapis.com/auth/cloudplatformprojects.readonly","https://www.googleapis.com/auth/firebase","https://www.googleapis.com/auth/cloud-platform"]
[debug] [2023-05-07T09:04:46.290Z] > authorizing via signed-in user (sarumiatinuke2020@gmail.com)
[info] 
     ######## #### ########  ######## ########     ###     ######  ########
     ##        ##  ##     ## ##       ##     ##  ##   ##  ##       ##
     ######    ##  ########  ######   ########  #########  ######  ######
     ##        ##  ##    ##  ##       ##     ## ##     ##       ## ##
     ##       #### ##     ## ######## ########  ##     ##  ######  ########

You're about to initialize a Firebase project in this directory:

  C:\Users\lenovo\Desktop\BlogPageProject

[info] 
=== Project Setup
[info] 
[info] First, let's associate this project directory with a Firebase project.
[info] You can create multiple project aliases by running firebase use --add, 
[info] but for now we'll just set up a default project.
[info] 
[info] i  If you want to create a project in a Google Cloud organization or folder, please use "firebase projects:create" instead, and return to this command when you've created the project. 
[debug] [2023-05-07T09:05:39.191Z] >>> [apiv2][query] POST https://cloudresourcemanager.googleapis.com/v1/projects [none]
[debug] [2023-05-07T09:05:39.191Z] >>> [apiv2][body] POST https://cloudresourcemanager.googleapis.com/v1/projects {"projectId":"Muslimah-blogtailwind","name":"Muslimah-blogtailwind"}
[debug] [2023-05-07T09:05:42.631Z] FirebaseError: Failed to make request to https://cloudresourcemanager.googleapis.com/v1/projects
    at RetryOperation._fn (C:\Users\lenovo\AppData\Roaming\npm\node_modules\firebase-tools\lib\apiv2.js:242:31)
    at process.processTicksAndRejections (node:internal/process/task_queues:95:5)
[error] 
[error] Error: Failed to create project. See firebase-debug.log for more info.
